<?xml version="1.0" encoding="UTF-8" ?>
<testsuite errors="1" failures="0" hostname="MARS" name="jdepend.framework.AllTests" tests="1" time="0.0" timestamp="2011-05-02T09:44:25">
  <properties>
    <property name="java.vendor" value="Sun Microsystems Inc." />
    <property name="lib.dir" value="../..//lib/" />
    <property name="sun.java.launcher" value="SUN_STANDARD" />
    <property name="sun.management.compiler" value="HotSpot Tiered Compilers" />
    <property name="ant.file.mutation-include" value="/home/nelliott/elliotn-senior-comp/javalanche-0.3.6/src/main/resources/coverage-include.xml" />
    <property name="run.mutations.verbose" value="-verbose" />
    <property name="os.name" value="Linux" />
    <property name="sun.boot.class.path" value="/usr/lib/jvm/java-6-sun-1.6.0.24/jre/lib/resources.jar:/usr/lib/jvm/java-6-sun-1.6.0.24/jre/lib/rt.jar:/usr/lib/jvm/java-6-sun-1.6.0.24/jre/lib/sunrsasign.jar:/usr/lib/jvm/java-6-sun-1.6.0.24/jre/lib/jsse.jar:/usr/lib/jvm/java-6-sun-1.6.0.24/jre/lib/jce.jar:/usr/lib/jvm/java-6-sun-1.6.0.24/jre/lib/charsets.jar:/usr/lib/jvm/java-6-sun-1.6.0.24/jre/lib/modules/jdk.boot.jar:/usr/lib/jvm/java-6-sun-1.6.0.24/jre/classes" />
    <property name="javalanche.maxmemory" value="2048m" />
    <property name="sun.desktop" value="gnome" />
    <property name="java.vm.specification.vendor" value="Sun Microsystems Inc." />
    <property name="ant.home" value="/usr/share/ant" />
    <property name="java.runtime.version" value="1.6.0_24-b07" />
    <property name="user.name" value="nelliott" />
    <property name="project.prefix" value="jdepend.framework" />
    <property name="user.language" value="en" />
    <property name="field.file" value="invariant-files//field-results.ser" />
    <property name="javalanche.properties.add" value=" " />
    <property name="sun.boot.library.path" value="/usr/lib/jvm/java-6-sun-1.6.0.24/jre/lib/i386" />
    <property name="proj.shortname" value="jvl-mu" />
    <property name="run.mutations.mutation.javaagent" value="-javaagent:../..//javaagent.jar" />
    <property name="run.mutations.listener" value="-Djavalanche.mutation.test.listener=de.unisb.cs.st.javalanche.mutation.runtime.jmx.JmxMutationTestListener" />
    <property name="javalanche" value="../../" />
    <property name="ant.project.name" value="Javalanche - Mutation Testing" />
    <property name="java.version" value="1.6.0_24" />
    <property name="user.timezone" value="" />
    <property name="sun.arch.data.model" value="32" />
    <property name="java.endorsed.dirs" value="/usr/lib/jvm/java-6-sun-1.6.0.24/jre/lib/endorsed" />
    <property name="sun.cpu.isalist" value="" />
    <property name="ant.file.javalanche-import" value="/home/nelliott/elliotn-senior-comp/javalanche-0.3.6/import.xml" />
    <property name="sun.jnu.encoding" value="UTF-8" />
    <property name="file.encoding.pkg" value="sun.io" />
    <property name="classes.add" value="" />
    <property name="cp" value="bin/:./lib/junit.jar" />
    <property name="file.separator" value="/" />
    <property name="java.specification.name" value="Java Platform API Specification" />
    <property name="java.class.version" value="50.0" />
    <property name="user.country" value="US" />
    <property name="java.home" value="/usr/lib/jvm/java-6-sun-1.6.0.24/jre" />
    <property name="java.vm.info" value="mixed mode" />
    <property name="adabu2.resultfilename" value="invariant-files//jdepend.framework-trace.out" />
    <property name="ant.file" value="/home/nelliott/elliotn-senior-comp/javalanche-0.3.6/CaseStudyApplications/JD/javalanche.xml" />
    <property name="os.version" value="2.6.32-30-generic-pae" />
    <property name="ant.file.javalanche-include" value="/home/nelliott/elliotn-senior-comp/javalanche-0.3.6/src/main/resources/mutation-build.xml" />
    <property name="run.mutations.mutation.file" value="-Dmutation.file=./mutation-files/mutation-task-jdepend_framework-02.txt" />
    <property name="path.separator" value=":" />
    <property name="java.vm.version" value="19.1-b02" />
    <property name="javalanche.mutation.javaagent" value="../..//javaagent.jar" />
    <property name="invariant.dir" value="invariant-files/" />
    <property name="ant.library.dir" value="/usr/share/ant/lib" />
    <property name="mutation.file" value="./mutation-files/mutation-task-jdepend_framework-02.txt" />
    <property name="javalanche.dist.dir" value="../../" />
    <property name="java.awt.printerjob" value="sun.print.PSPrinterJob" />
    <property name="sun.io.unicode.encoding" value="UnicodeLittle" />
    <property name="run.mutations.mutation.run.mode" value="-Dmutation.run.mode=mutation" />
    <property name="project.test.suite" value="jdepend.framework.AllTests" />
    <property name="javalanche.arg.line" value="  -javaagent:../..//javaagent.jar -Xmx2048m -Dmutation.run.mode=mutation -Dmutation.package.prefix=jdepend.framework -Dmutation.test.suite=jdepend.framework.AllTests -Dmutation.file=./mutation-files/mutation-task-jdepend_framework-02.txt -Dmutation.result.file=result-./mutation-files/mutation-task-jdepend_framework-02.txt -Djavalanche.mutation.test.listener=de.unisb.cs.st.javalanche.mutation.runtime.jmx.JmxMutationTestListener -Djavalanche.single.task.mode=false" />
    <property name="user.home" value="/home/nelliott" />
    <property name="java.specification.vendor" value="Sun Microsystems Inc." />
    <property name="run.mutations.memory" value="-Xmx2048m" />
    <property name="java.library.path" value="/usr/lib/jvm/java-6-sun-1.6.0.24/jre/lib/i386/server:/usr/lib/jvm/java-6-sun-1.6.0.24/jre/lib/i386:/usr/lib/jvm/java-6-sun-1.6.0.24/jre/../lib/i386:/usr/java/packages/lib/i386:/lib:/usr/lib" />
    <property name="java.vendor.url" value="http://java.sun.com/" />
    <property name="javalanche.mutation.output.dir" value="/home/nelliott/elliotn-senior-comp/javalanche-0.3.6/CaseStudyApplications/JD/mutation-files" />
    <property name="java.vm.vendor" value="Sun Microsystems Inc." />
    <property name="java.runtime.name" value="Java(TM) SE Runtime Environment" />
    <property name="java.class.path" value="/usr/share/ant/lib/ant-launcher.jar:/usr/share/java/xmlParserAPIs.jar:/usr/share/java/xercesImpl.jar:/home/nelliott/elliotn-senior-comp/javalanche-0.3.6/CaseStudyApplications/JD/./:/usr/share/java/junit.jar:/usr/share/ant/lib/ant-apache-regexp.jar:/usr/share/ant/lib/ant-junit.jar:/usr/share/ant/lib/ant-apache-oro.jar:/usr/share/ant/lib/ant-apache-resolver.jar:/usr/share/ant/lib/ant-commons-logging.jar:/usr/share/ant/lib/ant-launcher.jar:/usr/share/ant/lib/ant-trax.jar:/usr/share/ant/lib/ant-jsch.jar:/usr/share/ant/lib/ant-jdepend.jar:/usr/share/ant/lib/ant-commons-net.jar:/usr/share/ant/lib/ant-apache-log4j.jar:/usr/share/ant/lib/ant-javamail.jar:/usr/share/ant/lib/ant-apache-bsf.jar:/usr/share/ant/lib/ant-antlr.jar:/usr/share/ant/lib/ant-nodeps.jar:/usr/share/ant/lib/junit.jar:/usr/share/ant/lib/ant-apache-bcel.jar:/usr/share/ant/lib/ant-swing.jar:/usr/share/ant/lib/ant-jmf.jar:/usr/share/ant/lib/ant.jar:/usr/lib/jvm/java-6-sun-1.6.0.24/lib/tools.jar" />
    <property name="ant.version" value="Apache Ant version 1.7.1 compiled on September 8 2010" />
    <property name="run.mutations.single.task.mode" value="-Djavalanche.single.task.mode=false" />
    <property name="ant.file.additionalTasks" value="/home/nelliott/elliotn-senior-comp/javalanche-0.3.6/src/main/resources/mutation-add-tasks.xml" />
    <property name="java.vm.specification.name" value="Java Virtual Machine Specification" />
    <property name="javalanche.jars.dir" value="../..//lib" />
    <property name="java.vm.specification.version" value="1.0" />
    <property name="sun.cpu.endian" value="little" />
    <property name="sun.os.patch.level" value="unknown" />
    <property name="javalanche.invariant.javaagent" value="../..//lib/invariants-0.1.jar" />
    <property name="java.io.tmpdir" value="/tmp" />
    <property name="adabu.javaagent" value="../..//lib/adabu2-tracer-0.4-modified.jar" />
    <property name="prefix" value="jdepend.framework" />
    <property name="java.vendor.url.bug" value="http://java.sun.com/cgi-bin/bugreport.cgi" />
    <property name="javalanche.dir" value="/home/nelliott/elliotn-senior-comp/javalanche-0.3.6" />
    <property name="java.awt.graphicsenv" value="sun.awt.X11GraphicsEnvironment" />
    <property name="os.arch" value="i386" />
    <property name="invariant.checker.file" value="invariant-files//jdepend.framework-invariant-checkers.ser" />
    <property name="testsuite" value="jdepend.framework.AllTests" />
    <property name="java.ext.dirs" value="/usr/lib/jvm/java-6-sun-1.6.0.24/jre/lib/ext:/usr/java/packages/lib/ext" />
    <property name="user.dir" value="/home/nelliott/elliotn-senior-comp/javalanche-0.3.6/CaseStudyApplications/JD" />
    <property name="run.mutations.javalanche.package.prefix" value="-Dmutation.package.prefix=jdepend.framework" />
    <property name="adabu.boot.jars" value="../..//lib/adabu2-core-0.4-SNAPSHOT.jar:../..//lib/adabu2-hoare-0.4-SNAPSHOT.jar:../..//lib/adabu2-tracer-0.4-modified.jar:../..//lib/invariants-0.1.jar:../..//lib/asm-all-3.1.jar:../..//lib/commons-collections-3.2.1.jar:../..//lib/commons-io-1.4.jar:../..//lib/log4j-1.2.14.jar:../..//lib/util-0.1.jar" />
    <property name="line.separator" value="
" />
    <property name="java.vm.name" value="Java HotSpot(TM) Server VM" />
    <property name="basedir" value="/home/nelliott/elliotn-senior-comp/javalanche-0.3.6/CaseStudyApplications/JD" />
    <property name="methods.add" value="" />
    <property name="ant.java.version" value="1.6" />
    <property name="ant.core.lib" value="/usr/share/ant/lib/ant.jar" />
    <property name="ant.file.Javalanche - Mutation Testing" value="/home/nelliott/elliotn-senior-comp/javalanche-0.3.6/CaseStudyApplications/JD/javalanche.xml" />
    <property name="file.encoding" value="UTF-8" />
    <property name="run.mutations.mutation.result.file" value="-Dmutation.result.file=result-./mutation-files/mutation-task-jdepend_framework-02.txt" />
    <property name="javalanche.location" value="../../" />
    <property name="mutation.jars.dir" value="../..//lib/" />
    <property name="mutation.base.dir" value="../../" />
    <property name="java.specification.version" value="1.6" />
    <property name="run.mutations.javalanche.project.test.suite" value="-Dmutation.test.suite=jdepend.framework.AllTests" />
  </properties>
  <testcase classname="jdepend.framework.AllTests" name="BeforeFirstTest" time="0.0010">
    <error message="Forked Java VM exited abnormally. Please note the time in the report does not reflect the time until the VM exit." type="junit.framework.AssertionFailedError">junit.framework.AssertionFailedError: Forked Java VM exited abnormally. Please note the time in the report does not reflect the time until the VM exit.
</error>
  </testcase>
</testsuite>
